Vivado Simulator 2019.1
Time resolution is 1 ps
Check Started
Not Found in L1 Cache
Check Started
Not Found in L1 Cache
Check Started
Not Found in L1 Cache
Check Started
Not Found in L1 Cache
Not Found in L2 Cache
Not found in L2 cache, Extracting from main memory
Check Started
Not Found in L1 Cache
Not Found in L2 Cache
Not found in L2 cache, Extracting from main memory
Check Started
Not Found in L1 Cache
Not Found in L2 Cache
Not found in L2 cache, Extracting from main memory
Check Started
Not Found in L1 Cache
Not Found in L2 Cache
Not found in L2 cache, Extracting from main memory
Check Started
Not Found in L1 Cache
Not Found in L2 Cache
Not found in L2 cache, Extracting from main memory
Check Started
Not Found in L1 Cache
Not Found in L2 Cache
Not found in L2 cache, Extracting from main memory
Check Started
Not Found in L1 Cache
Not Found in L2 Cache
Not found in L2 cache, Extracting from main memory
Check Started
Not Found in L1 Cache
Not Found in L2 Cache
Not found in L2 cache, Extracting from main memory
Check Started
Not Found in L1 Cache
Not Found in L2 Cache
Not found in L2 cache, Extracting from main memory
Check Started
Not Found in L1 Cache
Not Found in L2 Cache
Not found in L2 cache, Extracting from main memory
Check Started
Not Found in L1 Cache
Not Found in L2 Cache
Not found in L2 cache, Extracting from main memory
          0
147
Initially not present in l2
01000000
1
00000000000000000000000
Initially not present in l1
00000000000000000000000001000000
1
000000000000000000000001
Check Started
Check Started
Check Started
Check Started
Check Started
Not Found in L1 Cache
Check Started
Not Found in L1 Cache
Check Started
Not Found in L1 Cache
Check Started
Not Found in L1 Cache
Not Found in L2 Cache
Not found in L2 cache, Extracting from main memory
Check Started
Not Found in L1 Cache
Not Found in L2 Cache
Not found in L2 cache, Extracting from main memory
Check Started
Not Found in L1 Cache
Not Found in L2 Cache
Not found in L2 cache, Extracting from main memory
Check Started
Not Found in L1 Cache
Not Found in L2 Cache
Not found in L2 cache, Extracting from main memory
Check Started
Not Found in L1 Cache
Not Found in L2 Cache
Not found in L2 cache, Extracting from main memory
Check Started
Not Found in L1 Cache
Not Found in L2 Cache
Not found in L2 cache, Extracting from main memory
Check Started
Not Found in L1 Cache
Not Found in L2 Cache
Not found in L2 cache, Extracting from main memory
Check Started
Not Found in L1 Cache
Not Found in L2 Cache
Not found in L2 cache, Extracting from main memory
Check Started
Not Found in L1 Cache
Not Found in L2 Cache
Not found in L2 cache, Extracting from main memory
Check Started
Not Found in L1 Cache
Not Found in L2 Cache
Not found in L2 cache, Extracting from main memory
Check Started
Not Found in L1 Cache
Not Found in L2 Cache
Not found in L2 cache, Extracting from main memory
          0
147
Initially not present in l2
00000000
1
00000000000000000000000
Initially present in l1
000000000000000000000001
00000000000000000000000
1000000
found l1 eviction in l2
00000000000000001011011001000000
00000000101100000000000000000000
000000000000000000000000
Check Started
Check Started
Check Started
Not Found in L1 Cache
Check Started
Not Found in L1 Cache
Check Started
Not Found in L1 Cache
Check Started
Not Found in L1 Cache
Found in L2 Cache
Check Started
Check Started
Check Started
Check Started
Check Started
Check Started
Check Started
Check Started
Check Started
Check Started
Check Started
Check Started
Check Started
Check Started
Check Started
Check Started
Check Started
Check Started
Check Started
Check Started
Check Started
Check Started
Check Started
Check Started
Check Started
Check Started
Check Started
Check Started
Check Started
Check Started
Check Started
Check Started
Check Started
Check Started
Check Started
Check Started
Check Started
Check Started
Check Started
Check Started
Check Started
Check Started
Check Started
Check Started
Check Started
Check Started
Check Started
Check Started
Check Started
Check Started
Check Started
Check Started
Check Started
Check Started
Check Started
Check Started
Check Started
Check Started
Check Started
Check Started
Check Started
Check Started
Check Started
Check Started
Check Started
Check Started
Check Started
Check Started
Check Started
Check Started
Check Started
Check Started
Check Started
Check Started
Check Started
Check Started
Check Started
Check Started
Check Started
Check Started
Check Started
Check Started
Check Started
Check Started
Check Started
Check Started
Check Started
Check Started
Check Started
Check Started
Check Started
Check Started
Check Started
Check Started
Check Started
Check Started
Check Started
Check Started
Check Started
Check Started
Check Started
Check Started
Check Started
Check Started
Check Started
Check Started
Check Started
Check Started
Check Started
Check Started
Check Started
Check Started
Check Started
Check Started
Check Started
Check Started
Check Started
Check Started
Check Started
Check Started
Check Started
Check Started
Check Started
Check Started
Check Started
Check Started
Check Started
Check Started
Check Started
Check Started
Check Started
Check Started
Check Started
Check Started
Check Started
Check Started
Check Started
Check Started
Check Started
Check Started
Check Started
Check Started
Check Started
Check Started
Check Started
Check Started
Check Started
Check Started
Check Started
Check Started
Check Started
Check Started
Check Started
Check Started
Check Started
Check Started
Check Started
Check Started
Check Started
Check Started
Check Started
Check Started
Check Started
Check Started
Check Started
Check Started
Check Started
Check Started
Check Started
Check Started
Check Started
Check Started
Check Started
Check Started
Check Started
Check Started
Check Started
Check Started
Check Started
Check Started
Check Started
Check Started
Check Started
Check Started
Check Started
Check Started
Check Started
Check Started
Check Started
Check Started
Check Started
Check Started
Check Started
Check Started
Check Started
Check Started
Check Started
Check Started
Check Started
Check Started
Check Started
Check Started
Check Started
Check Started
Check Started
Check Started
Check Started
Check Started
Check Started
Check Started
Check Started
Check Started
Check Started
Check Started
Check Started
Check Started
Check Started
Check Started
Check Started
Check Started
Check Started
Check Started
Check Started
Check Started
Check Started
Check Started
Check Started
Check Started
Check Started
Check Started
Check Started
Check Started
Check Started
Check Started
Check Started
Check Started
Check Started
Check Started
Check Started
Check Started
Check Started
Check Started
Check Started
Check Started
Check Started
Check Started
Check Started
Check Started
Check Started
Check Started
Check Started
Check Started
Check Started
Check Started
Check Started
Check Started
Check Started
Check Started
Check Started
Check Started
Check Started
Check Started
Check Started
Check Started
Check Started
Check Started
Check Started
Check Started
Check Started
Check Started
Check Started
Check Started
Check Started
Check Started
Check Started
Check Started
Check Started
Check Started
Check Started
Check Started
Check Started
Check Started
Check Started
Check Started
Check Started
Check Started
Check Started
Check Started
Check Started
Check Started
Check Started
Check Started
Check Started
Check Started
Check Started
Check Started
Check Started
Check Started
Check Started
Check Started
Check Started
Check Started
Check Started
Check Started
Check Started
Check Started
Check Started
Check Started
Check Started
Check Started
Check Started
Check Started
Check Started
Check Started
Check Started
Check Started
Check Started
Check Started
Check Started
Check Started
Check Started
Check Started
Check Started
Check Started
Check Started
Check Started
Check Started
Check Started
Check Started
Check Started
Check Started
Check Started
Check Started
Check Started
Check Started
Check Started
Check Started
Check Started
Check Started
Check Started
Check Started
Check Started
Check Started
Check Started
Check Started
Check Started
Check Started
Check Started
Check Started
Check Started
Check Started
Check Started
Check Started
Check Started
Check Started
Check Started
Check Started
Check Started
Check Started
Check Started
Check Started
Check Started
Check Started
Check Started
Check Started
Check Started
Check Started
Check Started
Check Started
Check Started
Check Started
Check Started
Check Started
Check Started
Check Started
Check Started
Check Started
Check Started
Check Started
Check Started
Check Started
Check Started
Check Started
Check Started
Check Started
Check Started
Check Started
Check Started
Check Started
Check Started
Check Started
Check Started
Check Started
Check Started
Check Started
Check Started
Check Started
Check Started
Check Started
Check Started
Check Started
Check Started
Check Started
Check Started
Check Started
Check Started
Check Started
Check Started
Check Started
Check Started
Check Started
Check Started
Check Started
Check Started
Check Started
Check Started
Check Started
Check Started
Check Started
Check Started
Check Started
Check Started
Check Started
Check Started
Check Started
Check Started
Check Started
Check Started
Check Started
Check Started
Check Started
Check Started
Check Started
Check Started
Check Started
Check Started
Check Started
Check Started
Check Started
