#-----------------------------------------------------------
# Vivado v2019.1 (64-bit)
# SW Build 2552052 on Fri May 24 14:49:42 MDT 2019
# IP Build 2548770 on Fri May 24 18:01:18 MDT 2019
# Start of session at: Sun Nov 17 16:21:57 2019
# Process ID: 2080
# Current directory: C:/Users/RAGHAV/Desktop/Cache Controller/Cache_Controller_FPGA_Implementation_Project
# Command line: vivado.exe -gui_launcher_event rodinguilauncherevent19748 C:\Users\RAGHAV\Desktop\Cache Controller\Cache_Controller_FPGA_Implementation_Project\Cache_Controller_FPGA_Implementation_Project.xpr
# Log file: C:/Users/RAGHAV/Desktop/Cache Controller/Cache_Controller_FPGA_Implementation_Project/vivado.log
# Journal file: C:/Users/RAGHAV/Desktop/Cache Controller/Cache_Controller_FPGA_Implementation_Project\vivado.jou
#-----------------------------------------------------------
start_gui
open_project {C:/Users/RAGHAV/Desktop/Cache Controller/Cache_Controller_FPGA_Implementation_Project/Cache_Controller_FPGA_Implementation_Project.xpr}
INFO: [ProjectBase 1-489] The host OS only allows 260 characters in a normal path. The project is stored in a path with more than 80 characters. If you experience issues with IP, Block Designs, or files not being found, please consider moving the project to a location with a shorter path. Alternately consider using the OS subst command to map part of the path to a drive letter.
Current project path is 'C:/Users/RAGHAV/Desktop/Cache Controller/Cache_Controller_FPGA_Implementation_Project'
Scanning sources...
Finished scanning sources
INFO: [IP_Flow 19-234] Refreshing IP repositories
INFO: [IP_Flow 19-1704] No user IP repositories specified
INFO: [IP_Flow 19-2313] Loaded Vivado IP repository 'C:/Xilinx/Vivado/2019.1/data/ip'.
open_project: Time (s): cpu = 00:00:16 ; elapsed = 00:00:07 . Memory (MB): peak = 817.512 ; gain = 136.273
update_compile_order -fileset sources_1
launch_runs impl_1 -to_step write_bitstream -jobs 6
[Sun Nov 17 17:13:52 2019] Launched synth_1...
Run output will be captured here: C:/Users/RAGHAV/Desktop/Cache Controller/Cache_Controller_FPGA_Implementation_Project/Cache_Controller_FPGA_Implementation_Project.runs/synth_1/runme.log
[Sun Nov 17 17:13:52 2019] Launched impl_1...
Run output will be captured here: C:/Users/RAGHAV/Desktop/Cache Controller/Cache_Controller_FPGA_Implementation_Project/Cache_Controller_FPGA_Implementation_Project.runs/impl_1/runme.log
open_hw
connect_hw_server
INFO: [Labtools 27-2285] Connecting to hw_server url TCP:localhost:3121
INFO: [Labtools 27-2222] Launching hw_server...
INFO: [Labtools 27-2221] Launch Output:

****** Xilinx hw_server v2019.1
  **** Build date : May 24 2019 at 15:13:31
    ** Copyright 1986-2019 Xilinx, Inc. All Rights Reserved.


connect_hw_server: Time (s): cpu = 00:00:01 ; elapsed = 00:00:05 . Memory (MB): peak = 925.273 ; gain = 0.000
open_hw_target
INFO: [Labtoolstcl 44-466] Opening hw_target localhost:3121/xilinx_tcf/Digilent/210183A8A852A
set_property PROGRAM.FILE {C:/Users/RAGHAV/Desktop/Cache Controller/Cache_Controller_FPGA_Implementation_Project/Cache_Controller_FPGA_Implementation_Project.runs/impl_1/CACHE_CONTROLLER.bit} [get_hw_devices xc7a35t_0]
current_hw_device [get_hw_devices xc7a35t_0]
refresh_hw_device -update_hw_probes false [lindex [get_hw_devices xc7a35t_0] 0]
INFO: [Labtools 27-1435] Device xc7a35t (JTAG device index = 0) is not programmed (DONE status = 0).
set_property PROBES.FILE {} [get_hw_devices xc7a35t_0]
set_property FULL_PROBES.FILE {} [get_hw_devices xc7a35t_0]
set_property PROGRAM.FILE {C:/Users/RAGHAV/Desktop/Cache Controller/Cache_Controller_FPGA_Implementation_Project/Cache_Controller_FPGA_Implementation_Project.runs/impl_1/CACHE_CONTROLLER.bit} [get_hw_devices xc7a35t_0]
program_hw_devices [get_hw_devices xc7a35t_0]
INFO: [Labtools 27-3164] End of startup status: HIGH
refresh_hw_device [lindex [get_hw_devices xc7a35t_0] 0]
INFO: [Labtools 27-1434] Device xc7a35t (JTAG device index = 0) is programmed with a design that has no supported debug core(s) in it.
exit
INFO: [Common 17-206] Exiting Vivado at Sun Nov 17 17:20:50 2019...
