#-----------------------------------------------------------
# Vivado v2019.1 (64-bit)
# SW Build 2552052 on Fri May 24 14:49:42 MDT 2019
# IP Build 2548770 on Fri May 24 18:01:18 MDT 2019
# Start of session at: Sun Nov 17 16:07:45 2019
# Process ID: 11816
# Current directory: C:/Users/RAGHAV/Desktop/Cache Controller/Cache_Controller_FPGA_Implementation_Project
# Command line: vivado.exe -gui_launcher_event rodinguilauncherevent24488 C:\Users\RAGHAV\Desktop\Cache Controller\Cache_Controller_FPGA_Implementation_Project\Cache_Controller_FPGA_Implementation_Project.xpr
# Log file: C:/Users/RAGHAV/Desktop/Cache Controller/Cache_Controller_FPGA_Implementation_Project/vivado.log
# Journal file: C:/Users/RAGHAV/Desktop/Cache Controller/Cache_Controller_FPGA_Implementation_Project\vivado.jou
#-----------------------------------------------------------
start_gui
open_project {C:/Users/RAGHAV/Desktop/Cache Controller/Cache_Controller_FPGA_Implementation_Project/Cache_Controller_FPGA_Implementation_Project.xpr}
INFO: [ProjectBase 1-489] The host OS only allows 260 characters in a normal path. The project is stored in a path with more than 80 characters. If you experience issues with IP, Block Designs, or files not being found, please consider moving the project to a location with a shorter path. Alternately consider using the OS subst command to map part of the path to a drive letter.
Current project path is 'C:/Users/RAGHAV/Desktop/Cache Controller/Cache_Controller_FPGA_Implementation_Project'
Scanning sources...
Finished scanning sources
INFO: [IP_Flow 19-234] Refreshing IP repositories
INFO: [IP_Flow 19-1704] No user IP repositories specified
INFO: [IP_Flow 19-2313] Loaded Vivado IP repository 'C:/Xilinx/Vivado/2019.1/data/ip'.
open_project: Time (s): cpu = 00:00:17 ; elapsed = 00:00:09 . Memory (MB): peak = 823.605 ; gain = 148.801
update_compile_order -fileset sources_1
launch_simulation
INFO: [Vivado 12-5682] Launching behavioral simulation in 'C:/Users/RAGHAV/Desktop/Cache Controller/Cache_Controller_FPGA_Implementation_Project/Cache_Controller_FPGA_Implementation_Project.sim/sim_1/behav/xsim'
INFO: [SIM-utils-51] Simulation object is 'sim_1'
INFO: [SIM-utils-54] Inspecting design source files for 'TB_READ' in fileset 'sim_1'...
INFO: [USF-XSim-97] Finding global include files...
INFO: [USF-XSim-98] Fetching design files from 'sim_1'...
INFO: [USF-XSim-2] XSim::Compile design
INFO: [USF-XSim-61] Executing 'COMPILE and ANALYZE' step in 'C:/Users/RAGHAV/Desktop/Cache Controller/Cache_Controller_FPGA_Implementation_Project/Cache_Controller_FPGA_Implementation_Project.sim/sim_1/behav/xsim'
"xvlog --incr --relax -prj TB_READ_vlog.prj"
INFO: [VRFC 10-2263] Analyzing Verilog file "C:/Users/RAGHAV/Desktop/Cache Controller/Cache_Controller_FPGA_Implementation_Project/Cache_Controller_FPGA_Implementation_Project.srcs/sources_1/new/CACHE_CONTROLLER.v" into library xil_defaultlib
INFO: [VRFC 10-311] analyzing module CACHE_CONTROLLER
INFO: [VRFC 10-2263] Analyzing Verilog file "C:/Users/RAGHAV/Desktop/Cache Controller/Cache_Controller_FPGA_Implementation_Project/Cache_Controller_FPGA_Implementation_Project.srcs/sim_1/new/TB_READ.v" into library xil_defaultlib
INFO: [VRFC 10-311] analyzing module TB_READ
INFO: [VRFC 10-2263] Analyzing Verilog file "C:/Users/RAGHAV/Desktop/Cache Controller/Cache_Controller_FPGA_Implementation_Project/Cache_Controller_FPGA_Implementation_Project.sim/sim_1/behav/xsim/glbl.v" into library xil_defaultlib
INFO: [VRFC 10-311] analyzing module glbl
INFO: [USF-XSim-69] 'compile' step finished in '2' seconds
INFO: [USF-XSim-3] XSim::Elaborate design
INFO: [USF-XSim-61] Executing 'ELABORATE' step in 'C:/Users/RAGHAV/Desktop/Cache Controller/Cache_Controller_FPGA_Implementation_Project/Cache_Controller_FPGA_Implementation_Project.sim/sim_1/behav/xsim'
"xelab -wto 83766c3071ae4d479e6a6dba0d7b53ba --incr --debug typical --relax --mt 2 -L xil_defaultlib -L unisims_ver -L unimacro_ver -L secureip --snapshot TB_READ_behav xil_defaultlib.TB_READ xil_defaultlib.glbl -log elaborate.log"
Vivado Simulator 2019.1
Copyright 1986-1999, 2001-2019 Xilinx, Inc. All Rights Reserved.
Running: C:/Xilinx/Vivado/2019.1/bin/unwrapped/win64.o/xelab.exe -wto 83766c3071ae4d479e6a6dba0d7b53ba --incr --debug typical --relax --mt 2 -L xil_defaultlib -L unisims_ver -L unimacro_ver -L secureip --snapshot TB_READ_behav xil_defaultlib.TB_READ xil_defaultlib.glbl -log elaborate.log 
Using 2 slave threads.
Starting static elaboration
Completed static elaboration
Starting simulation data flow analysis
Completed simulation data flow analysis
Time Resolution for simulation is 1ps
Compiling module xil_defaultlib.CACHE_CONTROLLER
Compiling module xil_defaultlib.TB_READ
Compiling module xil_defaultlib.glbl
Built simulation snapshot TB_READ_behav

****** Webtalk v2019.1 (64-bit)
  **** SW Build 2552052 on Fri May 24 14:49:42 MDT 2019
  **** IP Build 2548770 on Fri May 24 18:01:18 MDT 2019
    ** Copyright 1986-2019 Xilinx, Inc. All Rights Reserved.

source C:/Users/RAGHAV/Desktop/Cache -notrace
couldn't read file "C:/Users/RAGHAV/Desktop/Cache": no such file or directory
INFO: [Common 17-206] Exiting Webtalk at Sun Nov 17 16:10:00 2019...
INFO: [USF-XSim-69] 'elaborate' step finished in '5' seconds
INFO: [USF-XSim-4] XSim::Simulate design
INFO: [USF-XSim-61] Executing 'SIMULATE' step in 'C:/Users/RAGHAV/Desktop/Cache Controller/Cache_Controller_FPGA_Implementation_Project/Cache_Controller_FPGA_Implementation_Project.sim/sim_1/behav/xsim'
INFO: [USF-XSim-98] *** Running xsim
   with args "TB_READ_behav -key {Behavioral:sim_1:Functional:TB_READ} -tclbatch {TB_READ.tcl} -log {simulate.log}"
INFO: [USF-XSim-8] Loading simulator feature
Vivado Simulator 2019.1
Time resolution is 1 ps
source TB_READ.tcl
# set curr_wave [current_wave_config]
# if { [string length $curr_wave] == 0 } {
#   if { [llength [get_objects]] > 0} {
#     add_wave /
#     set_property needs_save false [current_wave_config]
#   } else {
#      send_msg_id Add_Wave-1 WARNING "No top level signals found. Simulator will start without a wave window. If you want to open a wave window go to 'File->New Waveform Configuration' or type 'create_wave_config' in the TCL console."
#   }
# }
# run 1000ns
xsim: Time (s): cpu = 00:00:10 ; elapsed = 00:00:06 . Memory (MB): peak = 892.688 ; gain = 39.000
INFO: [USF-XSim-96] XSim completed. Design snapshot 'TB_READ_behav' loaded.
INFO: [USF-XSim-97] XSim simulation ran for 1000ns
launch_simulation: Time (s): cpu = 00:00:14 ; elapsed = 00:00:14 . Memory (MB): peak = 892.688 ; gain = 54.652
close_sim
INFO: [Simtcl 6-16] Simulation closed
exit
INFO: [Common 17-206] Exiting Vivado at Sun Nov 17 16:21:05 2019...
